<?xml version="1.0" encoding="UTF-8"?>
<testng-results ignored="0" total="5" passed="5" failed="0" skipped="0">
  <reporter-output>
  </reporter-output>
  <suite started-at="2022-01-25T22:14:33 IST" name="Suite" finished-at="2022-01-25T22:14:34 IST" duration-ms="426">
    <groups>
      <group name="RegressionTest">
        <method signature="CreateProductsTest.CreateProductsTest03()[pri:0, instance:com.crm.comcast.MavenCommandPractise01.CreateProductsTest@7c1e2a9e]" name="CreateProductsTest03" class="com.crm.comcast.MavenCommandPractise01.CreateProductsTest"/>
      </group> <!-- RegressionTest -->
      <group name="smokeTest">
        <method signature="CreateProductsTest.CreateProductsTest02()[pri:0, instance:com.crm.comcast.MavenCommandPractise01.CreateProductsTest@7c1e2a9e]" name="CreateProductsTest02" class="com.crm.comcast.MavenCommandPractise01.CreateProductsTest"/>
        <method signature="CreateProductsTest.CreateProductsTest04()[pri:0, instance:com.crm.comcast.MavenCommandPractise01.CreateProductsTest@7c1e2a9e]" name="CreateProductsTest04" class="com.crm.comcast.MavenCommandPractise01.CreateProductsTest"/>
      </group> <!-- smokeTest -->
    </groups>
    <test started-at="2022-01-25T22:14:33 IST" name="Test" finished-at="2022-01-25T22:14:34 IST" duration-ms="426">
      <class name="com.crm.comcast.MavenCommandPractise01.CreateProductsTest">
        <test-method signature="CreateProductsTest01()[pri:0, instance:com.crm.comcast.MavenCommandPractise01.CreateProductsTest@7c1e2a9e]" started-at="2022-01-25T22:14:33 IST" name="CreateProductsTest01" finished-at="2022-01-25T22:14:33 IST" duration-ms="37" status="PASS">
          <reporter-output>
          </reporter-output>
        </test-method> <!-- CreateProductsTest01 -->
        <test-method signature="CreateProductsTest02()[pri:0, instance:com.crm.comcast.MavenCommandPractise01.CreateProductsTest@7c1e2a9e]" started-at="2022-01-25T22:14:33 IST" name="CreateProductsTest02" finished-at="2022-01-25T22:14:34 IST" duration-ms="34" status="PASS">
          <reporter-output>
          </reporter-output>
        </test-method> <!-- CreateProductsTest02 -->
        <test-method signature="CreateProductsTest03()[pri:0, instance:com.crm.comcast.MavenCommandPractise01.CreateProductsTest@7c1e2a9e]" started-at="2022-01-25T22:14:34 IST" name="CreateProductsTest03" finished-at="2022-01-25T22:14:34 IST" duration-ms="14" status="PASS">
          <reporter-output>
          </reporter-output>
        </test-method> <!-- CreateProductsTest03 -->
        <test-method signature="CreateProductsTest04()[pri:0, instance:com.crm.comcast.MavenCommandPractise01.CreateProductsTest@7c1e2a9e]" started-at="2022-01-25T22:14:34 IST" name="CreateProductsTest04" finished-at="2022-01-25T22:14:34 IST" duration-ms="29" status="PASS">
          <reporter-output>
          </reporter-output>
        </test-method> <!-- CreateProductsTest04 -->
        <test-method signature="CreateProductsTest05()[pri:0, instance:com.crm.comcast.MavenCommandPractise01.CreateProductsTest@7c1e2a9e]" started-at="2022-01-25T22:14:34 IST" name="CreateProductsTest05" finished-at="2022-01-25T22:14:34 IST" duration-ms="20" status="PASS">
          <reporter-output>
          </reporter-output>
        </test-method> <!-- CreateProductsTest05 -->
      </class> <!-- com.crm.comcast.MavenCommandPractise01.CreateProductsTest -->
    </test> <!-- Test -->
  </suite> <!-- Suite -->
</testng-results>
