<?xml version="1.0" encoding="UTF-8"?>
<!-- Generated by org.testng.reporters.JUnitXMLReporter -->
<testsuite ignored="0" hostname="DESKTOP-KNRP5GS" failures="0" tests="5" name="Test" time="0.426" errors="0" timestamp="2022-01-25T22:14:34 IST">
  <testcase classname="com.crm.comcast.MavenCommandPractise01.CreateProductsTest" name="CreateProductsTest01" time="0.037"/>
  <testcase classname="com.crm.comcast.MavenCommandPractise01.CreateProductsTest" name="CreateProductsTest02" time="0.034"/>
  <testcase classname="com.crm.comcast.MavenCommandPractise01.CreateProductsTest" name="CreateProductsTest03" time="0.014"/>
  <testcase classname="com.crm.comcast.MavenCommandPractise01.CreateProductsTest" name="CreateProductsTest04" time="0.029"/>
  <testcase classname="com.crm.comcast.MavenCommandPractise01.CreateProductsTest" name="CreateProductsTest05" time="0.02"/>
</testsuite> <!-- Test -->
